0 verbose cli [ '/usr/bin/node', '/usr/bin/npm', 'start' ]
1 info using npm@8.5.1
2 info using node@v12.22.9
3 timing npm:load:whichnode Completed in 1ms
4 timing config:load:defaults Completed in 2ms
5 timing config:load:file:/usr/share/nodejs/npm/npmrc Completed in 18ms
6 timing config:load:builtin Completed in 18ms
7 timing config:load:cli Completed in 2ms
8 timing config:load:env Completed in 0ms
9 timing config:load:file:/home/ubuntu/TEST/.npmrc Completed in 0ms
10 timing config:load:project Completed in 2ms
11 timing config:load:file:/home/ubuntu/.npmrc Completed in 0ms
12 timing config:load:user Completed in 1ms
13 timing config:load:file:/etc/npmrc Completed in 0ms
14 timing config:load:global Completed in 0ms
15 timing config:load:validate Completed in 0ms
16 timing config:load:credentials Completed in 1ms
17 timing config:load:setEnvs Completed in 2ms
18 timing config:load Completed in 28ms
19 timing npm:load:configload Completed in 28ms
20 timing npm:load:setTitle Completed in 0ms
21 timing config:load:flatten Completed in 4ms
22 timing npm:load:display Completed in 8ms
23 verbose logfile /home/ubuntu/.npm/_logs/2023-11-17T07_05_14_282Z-debug-0.log
24 timing npm:load:logFile Completed in 7ms
25 timing npm:load:timers Completed in 0ms
26 timing npm:load:configScope Completed in 0ms
27 timing npm:load Completed in 45ms
28 silly logfile start cleaning logs, removing 1 files
29 timing command:run-script Completed in 13ms
30 timing command:start Completed in 22ms
31 verbose stack Error: Missing script: "start"
31 verbose stack
31 verbose stack Did you mean one of these?
31 verbose stack     npm star # Mark your favorite packages
31 verbose stack     npm stars # View packages marked as favorites
31 verbose stack
31 verbose stack To see a list of scripts, run:
31 verbose stack   npm run
31 verbose stack     at RunScript.run (/usr/share/nodejs/npm/lib/commands/run-script.js:95:13)
31 verbose stack     at async module.exports (/usr/share/nodejs/npm/lib/cli.js:66:5)
32 verbose cwd /home/ubuntu/TEST
33 verbose Linux 6.2.0-1015-aws
34 verbose argv "/usr/bin/node" "/usr/bin/npm" "start"
35 verbose node v12.22.9
36 verbose npm  v8.5.1
37 error Missing script: "start"
37 error
37 error Did you mean one of these?
37 error     npm star # Mark your favorite packages
37 error     npm stars # View packages marked as favorites
37 error
37 error To see a list of scripts, run:
37 error   npm run
38 verbose exit 1
39 timing npm Completed in 271ms
40 verbose code 1
41 error A complete log of this run can be found in:
41 error     /home/ubuntu/.npm/_logs/2023-11-17T07_05_14_282Z-debug-0.log
